Flow report for chat
Tue Jun 10 02:46:18 2014
Quartus II 64-Bit Version 13.0.1 Build 232 06/12/2013 Service Pack 1 SJ Full Version


---------------------
; Table of Contents ;
---------------------
  1. Legal Notice
  2. Flow Summary
  3. Flow Settings
  4. Flow Non-Default Global Settings
  5. Flow Elapsed Time
  6. Flow OS Summary
  7. Flow Log
  8. Flow Messages
  9. Flow Suppressed Messages



----------------
; Legal Notice ;
----------------
Copyright (C) 1991-2013 Altera Corporation
Your use of Altera Corporation's design tools, logic functions 
and other software and tools, and its AMPP partner logic 
functions, and any output files from any of the foregoing 
(including device programming or simulation files), and any 
associated documentation or information are expressly subject 
to the terms and conditions of the Altera Program License 
Subscription Agreement, Altera MegaCore Function License 
Agreement, or other applicable license agreement, including, 
without limitation, that your use is for the sole purpose of 
programming logic devices manufactured by Altera and sold by 
Altera or its authorized distributors.  Please refer to the 
applicable agreement for further details.



+---------------------------------------------------------------------------------------+
; Flow Summary                                                                          ;
+------------------------------------+--------------------------------------------------+
; Flow Status                        ; Successful - Tue Jun 10 02:46:18 2014            ;
; Quartus II 64-Bit Version          ; 13.0.1 Build 232 06/12/2013 SP 1 SJ Full Version ;
; Revision Name                      ; chat                                             ;
; Top-level Entity Name              ; chat                                             ;
; Family                             ; Cyclone II                                       ;
; Device                             ; EP2C20Q240C8                                     ;
; Timing Models                      ; Final                                            ;
; Total logic elements               ; 11,820 / 18,752 ( 63 % )                         ;
;     Total combinational functions  ; 7,398 / 18,752 ( 39 % )                          ;
;     Dedicated logic registers      ; 6,603 / 18,752 ( 35 % )                          ;
; Total registers                    ; 6603                                             ;
; Total pins                         ; 81 / 142 ( 57 % )                                ;
; Total virtual pins                 ; 0                                                ;
; Total memory bits                  ; 178,176 / 239,616 ( 74 % )                       ;
; Embedded Multiplier 9-bit elements ; 16 / 52 ( 31 % )                                 ;
; Total PLLs                         ; 1 / 4 ( 25 % )                                   ;
+------------------------------------+--------------------------------------------------+


+-----------------------------------------+
; Flow Settings                           ;
+-------------------+---------------------+
; Option            ; Setting             ;
+-------------------+---------------------+
; Start date & time ; 06/10/2014 02:40:31 ;
; Main task         ; Compilation         ;
; Revision Name     ; chat                ;
+-------------------+---------------------+


+----------------------------------------------------------------------------------------------------------------------------+
; Flow Non-Default Global Settings                                                                                           ;
+-------------------------------------+---------------------------------------+---------------+-------------+----------------+
; Assignment Name                     ; Value                                 ; Default Value ; Entity Name ; Section Id     ;
+-------------------------------------+---------------------------------------+---------------+-------------+----------------+
; COMPILER_SIGNATURE_ID               ; 1097908462852.140233923022112         ; --            ; --          ; --             ;
; EDA_OUTPUT_DATA_FORMAT              ; Vhdl                                  ; --            ; --          ; eda_simulation ;
; EDA_SIMULATION_TOOL                 ; ModelSim-Altera (VHDL)                ; <None>        ; --          ; --             ;
; IP_TOOL_NAME                        ; ALTPLL                                ; --            ; --          ; --             ;
; IP_TOOL_NAME                        ; ALTPLL                                ; --            ; --          ; --             ;
; IP_TOOL_VERSION                     ; 13.0                                  ; --            ; --          ; --             ;
; IP_TOOL_VERSION                     ; 13.0                                  ; --            ; --          ; --             ;
; MAX_CORE_JUNCTION_TEMP              ; 85                                    ; --            ; --          ; --             ;
; MIN_CORE_JUNCTION_TEMP              ; 0                                     ; --            ; --          ; --             ;
; MISC_FILE                           ; pll.cmp                               ; --            ; --          ; --             ;
; MISC_FILE                           ; pll.ppf                               ; --            ; --          ; --             ;
; MISC_FILE                           ; pll100_25.cmp                         ; --            ; --          ; --             ;
; MISC_FILE                           ; pll100_25.ppf                         ; --            ; --          ; --             ;
; PARTITION_COLOR                     ; 16764057                              ; --            ; --          ; Top            ;
; PARTITION_FITTER_PRESERVATION_LEVEL ; PLACEMENT_AND_ROUTING                 ; --            ; --          ; Top            ;
; PARTITION_NETLIST_TYPE              ; SOURCE                                ; --            ; --          ; Top            ;
; POWER_BOARD_THERMAL_MODEL           ; None (CONSERVATIVE)                   ; --            ; --          ; --             ;
; POWER_PRESET_COOLING_SOLUTION       ; 23 MM HEAT SINK WITH 200 LFPM AIRFLOW ; --            ; --          ; --             ;
; PROJECT_OUTPUT_DIRECTORY            ; output_files                          ; --            ; --          ; --             ;
+-------------------------------------+---------------------------------------+---------------+-------------+----------------+


+-------------------------------------------------------------------------------------------------------------------------------+
; Flow Elapsed Time                                                                                                             ;
+---------------------------+--------------+-------------------------+---------------------+------------------------------------+
; Module Name               ; Elapsed Time ; Average Processors Used ; Peak Virtual Memory ; Total CPU Time (on all processors) ;
+---------------------------+--------------+-------------------------+---------------------+------------------------------------+
; Analysis & Synthesis      ; 00:01:51     ; 1.0                     ; 714 MB              ; 00:01:50                           ;
; Fitter                    ; 00:03:32     ; 1.2                     ; 946 MB              ; 00:03:52                           ;
; Assembler                 ; 00:00:03     ; 1.0                     ; 493 MB              ; 00:00:03                           ;
; TimeQuest Timing Analyzer ; 00:00:04     ; 1.0                     ; 596 MB              ; 00:00:04                           ;
; EDA Netlist Writer        ; 00:00:08     ; 1.0                     ; 547 MB              ; 00:00:08                           ;
; Total                     ; 00:05:38     ; --                      ; --                  ; 00:05:57                           ;
+---------------------------+--------------+-------------------------+---------------------+------------------------------------+


+----------------------------------------------------------------------------------------+
; Flow OS Summary                                                                        ;
+---------------------------+------------------+-----------+------------+----------------+
; Module Name               ; Machine Hostname ; OS Name   ; OS Version ; Processor type ;
+---------------------------+------------------+-----------+------------+----------------+
; Analysis & Synthesis      ; CK20130824       ; Windows 7 ; 6.2        ; x86_64         ;
; Fitter                    ; CK20130824       ; Windows 7 ; 6.2        ; x86_64         ;
; Assembler                 ; CK20130824       ; Windows 7 ; 6.2        ; x86_64         ;
; TimeQuest Timing Analyzer ; CK20130824       ; Windows 7 ; 6.2        ; x86_64         ;
; EDA Netlist Writer        ; CK20130824       ; Windows 7 ; 6.2        ; x86_64         ;
+---------------------------+------------------+-----------+------------+----------------+


------------
; Flow Log ;
------------
quartus_map --read_settings_files=on --write_settings_files=off chat -c chat
quartus_fit --read_settings_files=off --write_settings_files=off chat -c chat
quartus_asm --read_settings_files=off --write_settings_files=off chat -c chat
quartus_sta chat -c chat
quartus_eda --read_settings_files=off --write_settings_files=off chat -c chat



